<?xml version="1.0" encoding="UTF-8"?>
<!-- Generated by org.testng.reporters.JUnitReportReporter -->
<testsuite hostname="DESKTOP-VOTC" failures="0" tests="4" name="com.testng.app.TestngExampleApplicationTests" time="0.010" errors="0" timestamp="2024-10-17T14:04:58 BRT" skipped="0">
  <testcase classname="com.testng.app.TestngExampleApplicationTests" name="setup" time="0.002"/>
  <testcase classname="com.testng.app.TestngExampleApplicationTests" name="login" time="0.006"/>
  <testcase classname="com.testng.app.TestngExampleApplicationTests" name="teardown" time="0.001"/>
  <testcase classname="com.testng.app.TestngExampleApplicationTests" name="testAdd" time="0.001"/>
</testsuite> <!-- com.testng.app.TestngExampleApplicationTests -->
